[17:28:51.211] [INFO] Storybook Upgrade - v9.1.2
[17:28:51.251] [INFO] detect-projects-spinner-start: Detecting projects...
[17:28:51.252] [DEBUG] Finding Storybook projects...
[17:28:51.380] [DEBUG] Found 0 Storybook projects
[17:29:05.857] [PROMPT] No Storybook projects were found. Please enter the path to the .storybook directory for the project you want to upgrade. {"choice":".storybook-next"}
[17:29:05.858] [INFO] detect-projects-spinner: Detecting projects: 1 projects
[17:29:05.858] [DEBUG] Getting Storybook data...
[17:29:05.858] [DEBUG] Getting Storybook info...
[17:29:05.859] [DEBUG] Loading main config...
[17:29:05.922] [DEBUG] Getting stories paths...
[17:29:05.935] [DEBUG] Getting package manager...
[17:29:06.144] [DEBUG] Getting Storybook version...
[17:29:06.144] [DEBUG] .storybook-next - Validating before version... 9.0.18
[17:29:06.144] [DEBUG] .storybook-next - Validating upgrade compatibility...
[17:29:06.145] [DEBUG] .storybook-next - Fetching NPM version information...
[17:29:06.145] [DEBUG] Getting CLI versions from NPM for storybook...
[17:29:06.151] [DEBUG] Getting CLI versions from NPM for storybook@next...
[17:29:07.098] [DEBUG] .storybook-next - Evaluating blockers...
[17:29:07.101] [DEBUG] Getting installed version for @storybook/experimental-addon-test...
[17:29:07.915] [INFO] detect-projects-spinner-stop: 1 project detected
[17:29:07.915] [DEBUG] Found 1 valid projects and 0 error projects
[17:29:07.915] [INFO] Upgrading from 9.0.18 to 9.1.2
[17:29:07.942] [INFO] upgrade-dependencies-task-start: Fetching versions to update package.json files..
[17:29:07.942] [DEBUG] Updating dependencies in .storybook-next...
[17:29:07.975] [INFO] upgrade-dependencies-task: \package.json
[17:29:07.976] [DEBUG] Getting CLI versions from NPM for @chromatic-com/storybook...
[17:29:08.896] [DEBUG] {
  "upgradedDependencies": []
}
[17:29:08.896] [DEBUG] {
  "upgradedDevDependencies": [
    "@storybook/addon-docs@^9.1.2",
    "@storybook/addon-onboarding@^9.1.2",
    "@storybook/nextjs@^9.1.2",
    "@storybook/react-vite@^9.1.2",
    "storybook@^9.1.2",
    "@chromatic-com/storybook@^4.1.0"
  ]
}
[17:29:08.896] [DEBUG] {
  "upgradedPeerDependencies": []
}
[17:29:08.897] [DEBUG] Getting CLI versions from NPM for @storybook/addon-docs...
[17:29:10.321] [DEBUG] Getting CLI versions from NPM for @storybook/addon-onboarding...
[17:29:11.453] [DEBUG] Getting CLI versions from NPM for @storybook/nextjs...
[17:29:12.724] [DEBUG] Getting CLI versions from NPM for @storybook/react-vite...
[17:29:13.909] [DEBUG] Using cached version for storybook...
[17:29:13.909] [DEBUG] Using cached version for @chromatic-com/storybook...
[17:29:13.911] [INFO] upgrade-dependencies-task-success: Updated package versions in package.json files
[17:29:13.911] [INFO] detect-automigrations-task-start: Detecting automigrations...
[17:29:13.912] [DEBUG] Starting automigration collection across 1 projects and 15 fixes...
[17:29:13.937] [INFO] detect-automigrations-task: Checking automigrations for .storybook-next...
[17:29:13.937] [DEBUG] Processing project: .storybook-next
[17:29:13.937] [DEBUG] Checking fix eslintPlugin for project .storybook-next...
[17:29:13.941] [DEBUG] Checking fix addon-mdx-gfm-remove for project .storybook-next...
[17:29:13.941] [DEBUG] Checking fix addon-storysource-code-panel for project .storybook-next...
[17:29:13.941] [DEBUG] Checking fix upgrade-storybook-related-dependencies for project .storybook-next...
[17:29:13.941] [DEBUG] Checking for incompatible storybook packages...
[17:29:13.942] [DEBUG] Checking fix initial-globals for project .storybook-next...
[17:29:13.955] [DEBUG] Checking fix addon-a11y-addon-test for project .storybook-next...
[17:29:13.956] [DEBUG] Checking fix consolidated-imports for project .storybook-next...
[17:29:13.956] [DEBUG] Checking fix addon-experimental-test for project .storybook-next...
[17:29:13.956] [DEBUG] Using cached installed version for @storybook/experimental-addon-test...
[17:29:13.956] [DEBUG] Checking fix rnstorybook-config for project .storybook-next...
[17:29:13.956] [DEBUG] Checking fix remove-addon-interactions for project .storybook-next...
[17:29:13.957] [DEBUG] Checking fix renderer-to-framework for project .storybook-next...
[17:29:13.957] [DEBUG] Checking fix remove-essential-addons for project .storybook-next...
[17:29:13.958] [DEBUG] Checking fix addon-a11y-parameters for project .storybook-next...
[17:29:13.958] [DEBUG] Checking fix remove-docs-autodocs for project .storybook-next...
[17:29:13.959] [DEBUG] Checking fix wrap-require for project .storybook-next...
[17:29:13.986] [INFO] detect-automigrations-task: 
Automigrations detected:
[17:29:14.012] [INFO] detect-automigrations-task: ✔ remove-essential-addons
[17:29:14.012] [INFO] detect-automigrations-task-success: 1 automigration(s) detected
[17:45:30.352] [PROMPT] Select automigrations to run {"choice":["remove-essential-addons"]}
[17:45:30.353] [INFO] automigrate-.storybook-next-task-start: Running automigrations for .storybook-next
[17:45:30.355] [DEBUG] Uninstalling @storybook/addon-essentials
[17:45:30.356] [DEBUG] Removing '@storybook/addon-essentials' from main.js addons field.
[17:45:30.366] [DEBUG] Getting Storybook info...
[17:45:30.366] [DEBUG] Loading main config...
[17:45:30.371] [DEBUG] Getting stories paths...
[17:45:30.371] [DEBUG] Getting package manager...
[17:45:30.385] [DEBUG] Getting Storybook version...
[17:45:30.420] [INFO] automigrate-.storybook-next-task: Verifying @storybook/addon-docs
[17:45:30.447] [INFO] automigrate-.storybook-next-task: Installing @storybook/addon-docs@^9.1.2
[17:45:30.447] [DEBUG] Using cached version for @storybook/addon-docs...
[17:45:30.478] [INFO] automigrate-.storybook-next-task: ✔ remove-essential-addons
[17:45:30.478] [INFO] automigrate-.storybook-next-task-success: Completed automigrations for .storybook-next
[17:45:30.478] [INFO] Installing dependencies...
[17:45:30.479] [INFO] install-dependencies-task-start: Installing dependencies...
[17:45:46.575] [INFO] > boreal-ui@0.0.31 prepare
> tsc -p tsconfig.build.json && npm run build
[17:45:46.604] [INFO] install-dependencies-task: > boreal-ui@0.0.31 prepare
> tsc -p tsconfig.build.json && npm run build
[17:45:49.357] [INFO] src/index.core.ts(21,37): error TS1261: Already included file name 'C:/Users/davin/Documents/Web Design/boreal-ui/src/components/TagInput/core/TagInput.tsx' differs from file name 'C:/Users/davin/Documents/Web Design/boreal-ui/src/components/TagInput/core/Taginput.tsx' only in casing.
  The file is in the program because:
    Imported via "./components/TagInput/core/TagInput" from file 'C:/Users/davin/Documents/Web Design/boreal-ui/src/index.core.ts'
    Matched by include pattern 'src/components' in 'tsconfig.build.json'
[17:45:49.386] [INFO] install-dependencies-task: src/index.core.ts(21,37): error TS1261: Already included file name
'C:/Users/davin/Documents/Web
Design/boreal-ui/src/components/TagInput/core/TagInput.tsx' differs from file
name 'C:/Users/davin/Documents/Web
Design/boreal-ui/src/components/TagInput/core/Taginput.tsx' only in casing.
The file is in the program because:
Imported via "./components/TagInput/core/TagInput" from file
'C:/Users/davin/Documents/Web Design/boreal-ui/src/index.core.ts'
Matched by include pattern 'src/components' in 'tsconfig.build.json'
[17:45:49.386] [INFO] src/index.core.ts(41,41): error TS1261: Already included file name 'C:/Users/davin/Documents/Web Design/boreal-ui/src/components/MessagePopUp/core/MessagePopUp.tsx' differs from file name 'C:/Users/davin/Documents/Web Design/boreal-ui/src/components/MessagePopUp/core/MessagePopup.tsx' only in casing.
  The file is in the program because:
    Imported via "./components/MessagePopUp/core/MessagePopUp" from file 'C:/Users/davin/Documents/Web Design/boreal-ui/src/index.core.ts'
    Matched by include pattern 'src/components' in 'tsconfig.build.json'
[17:45:49.412] [INFO] install-dependencies-task: src/index.core.ts(41,41): error TS1261: Already included file name
'C:/Users/davin/Documents/Web
Design/boreal-ui/src/components/MessagePopUp/core/MessagePopUp.tsx' differs from
file name 'C:/Users/davin/Documents/Web
Design/boreal-ui/src/components/MessagePopUp/core/MessagePopup.tsx' only in
casing.
The file is in the program because:
Imported via "./components/MessagePopUp/core/MessagePopUp" from file
'C:/Users/davin/Documents/Web Design/boreal-ui/src/index.core.ts'
Matched by include pattern 'src/components' in 'tsconfig.build.json'
[17:45:49.416] [ERROR] An error occurred while installing dependencies. {"error":"Error: Command failed with exit code 2: npm install --force\nnpm warn using --force Recommended protections disabled.\nnpm error code 2\nnpm error path C:\\Users\\davin\\Documents\\Web Design\\boreal-ui\nnpm error command failed\nnpm error command C:\\Windows\\system32\\cmd.exe /d /s /c tsc -p tsconfig.build.json && npm run build\nnpm error A complete log of this run can be found in: C:\\Users\\davin\\AppData\\Local\\npm-cache\\_logs\\2025-08-12T21_45_30_643Z-debug-0.log\n\n> boreal-ui@0.0.31 prepare\n> tsc -p tsconfig.build.json && npm run build\n\nsrc/index.core.ts(21,37): error TS1261: Already included file name 'C:/Users/davin/Documents/Web Design/boreal-ui/src/components/TagInput/core/TagInput.tsx' differs from file name 'C:/Users/davin/Documents/Web Design/boreal-ui/src/components/TagInput/core/Taginput.tsx' only in casing.\r\n  The file is in the program because:\r\n    Imported via \"./components/TagInput/core/TagInput\" from file 'C:/Users/davin/Documents/Web Design/boreal-ui/src/index.core.ts'\r\n    Matched by include pattern 'src/components' in 'tsconfig.build.json'\r\nsrc/index.core.ts(41,41): error TS1261: Already included file name 'C:/Users/davin/Documents/Web Design/boreal-ui/src/components/MessagePopUp/core/MessagePopUp.tsx' differs from file name 'C:/Users/davin/Documents/Web Design/boreal-ui/src/components/MessagePopUp/core/MessagePopup.tsx' only in casing.\r\n  The file is in the program because:\r\n    Imported via \"./components/MessagePopUp/core/MessagePopUp\" from file 'C:/Users/davin/Documents/Web Design/boreal-ui/src/index.core.ts'\r\n    Matched by include pattern 'src/components' in 'tsconfig.build.json'\n    at makeError (C:\\Users\\davin\\AppData\\Local\\npm-cache\\_npx\\2ad7b0f5db0174ee\\node_modules\\storybook\\dist\\common\\index.cjs:24553:67)\n    at handlePromise (C:\\Users\\davin\\AppData\\Local\\npm-cache\\_npx\\2ad7b0f5db0174ee\\node_modules\\storybook\\dist\\common\\index.cjs:25171:15)\n    at process.processTicksAndRejections (node:internal/process/task_queues:105:5)\n    at async Object.executeTask (C:\\Users\\davin\\AppData\\Local\\npm-cache\\_npx\\2ad7b0f5db0174ee\\node_modules\\storybook\\dist\\node-logger\\index.cjs:9094:11)\n    at async Fo.installDependencies (C:\\Users\\davin\\AppData\\Local\\npm-cache\\_npx\\2ad7b0f5db0174ee\\node_modules\\storybook\\dist\\common\\index.cjs:25473:5)\n    at async C:\\Users\\davin\\AppData\\Local\\npm-cache\\_npx\\2ad7b0f5db0174ee\\node_modules\\@storybook\\cli\\dist\\bin\\index.cjs:290:768\n    at async withTelemetry (C:\\Users\\davin\\AppData\\Local\\npm-cache\\_npx\\2ad7b0f5db0174ee\\node_modules\\storybook\\dist\\core-server\\index.cjs:42279:12)\n    at async upgrade (C:\\Users\\davin\\AppData\\Local\\npm-cache\\_npx\\2ad7b0f5db0174ee\\node_modules\\@storybook\\cli\\dist\\bin\\index.cjs:285:1349)\n    at async Command.<anonymous> (C:\\Users\\davin\\AppData\\Local\\npm-cache\\_npx\\2ad7b0f5db0174ee\\node_modules\\@storybook\\cli\\dist\\bin\\index.cjs:291:3312)"}
[17:45:49.417] [ERROR] install-dependencies-task-error: An error occurred while installing dependencies.
[17:45:49.417] [ERROR] Error: Command failed with exit code 2: npm install --force
npm warn using --force Recommended protections disabled.
npm error code 2
npm error path .
npm error command failed
npm error command C:\Windows\system32\cmd.exe /d /s /c tsc -p tsconfig.build.json && npm run build
npm error A complete log of this run can be found in: C:\Users\davin\AppData\Local\npm-cache\_logs\2025-08-12T21_45_30_643Z-debug-0.log

> boreal-ui@0.0.31 prepare
> tsc -p tsconfig.build.json && npm run build

src/index.core.ts(21,37): error TS1261: Already included file name 'C:/Users/davin/Documents/Web Design/boreal-ui/src/components/TagInput/core/TagInput.tsx' differs from file name 'C:/Users/davin/Documents/Web Design/boreal-ui/src/components/TagInput/core/Taginput.tsx' only in casing.
  The file is in the program because:
    Imported via "./components/TagInput/core/TagInput" from file 'C:/Users/davin/Documents/Web Design/boreal-ui/src/index.core.ts'
    Matched by include pattern 'src/components' in 'tsconfig.build.json'
src/index.core.ts(41,41): error TS1261: Already included file name 'C:/Users/davin/Documents/Web Design/boreal-ui/src/components/MessagePopUp/core/MessagePopUp.tsx' differs from file name 'C:/Users/davin/Documents/Web Design/boreal-ui/src/components/MessagePopUp/core/MessagePopup.tsx' only in casing.
  The file is in the program because:
    Imported via "./components/MessagePopUp/core/MessagePopUp" from file 'C:/Users/davin/Documents/Web Design/boreal-ui/src/index.core.ts'
    Matched by include pattern 'src/components' in 'tsconfig.build.json'
    at makeError (C:\Users\davin\AppData\Local\npm-cache\_npx\2ad7b0f5db0174ee\node_modules\storybook\dist\common\index.cjs:24553:67)
    at handlePromise (C:\Users\davin\AppData\Local\npm-cache\_npx\2ad7b0f5db0174ee\node_modules\storybook\dist\common\index.cjs:25171:15)
    at process.processTicksAndRejections (node:internal/process/task_queues:105:5)
    at async Object.executeTask (C:\Users\davin\AppData\Local\npm-cache\_npx\2ad7b0f5db0174ee\node_modules\storybook\dist\node-logger\index.cjs:9094:11)
    at async Fo.installDependencies (C:\Users\davin\AppData\Local\npm-cache\_npx\2ad7b0f5db0174ee\node_modules\storybook\dist\common\index.cjs:25473:5)
    at async C:\Users\davin\AppData\Local\npm-cache\_npx\2ad7b0f5db0174ee\node_modules\@storybook\cli\dist\bin\index.cjs:290:768
    at async withTelemetry (C:\Users\davin\AppData\Local\npm-cache\_npx\2ad7b0f5db0174ee\node_modules\storybook\dist\core-server\index.cjs:42279:12)
    at async upgrade (C:\Users\davin\AppData\Local\npm-cache\_npx\2ad7b0f5db0174ee\node_modules\@storybook\cli\dist\bin\index.cjs:285:1349)
    at async Command.<anonymous> (C:\Users\davin\AppData\Local\npm-cache\_npx\2ad7b0f5db0174ee\node_modules\@storybook\cli\dist\bin\index.cjs:291:3312)
[17:45:50.159] [ERROR] Error: Command failed with exit code 2: npm install --force
npm warn using --force Recommended protections disabled.
npm error code 2
npm error path .
npm error command failed
npm error command C:\Windows\system32\cmd.exe /d /s /c tsc -p tsconfig.build.json && npm run build
npm error A complete log of this run can be found in: C:\Users\davin\AppData\Local\npm-cache\_logs\2025-08-12T21_45_30_643Z-debug-0.log

> boreal-ui@0.0.31 prepare
> tsc -p tsconfig.build.json && npm run build

src/index.core.ts(21,37): error TS1261: Already included file name 'C:/Users/davin/Documents/Web Design/boreal-ui/src/components/TagInput/core/TagInput.tsx' differs from file name 'C:/Users/davin/Documents/Web Design/boreal-ui/src/components/TagInput/core/Taginput.tsx' only in casing.
  The file is in the program because:
    Imported via "./components/TagInput/core/TagInput" from file 'C:/Users/davin/Documents/Web Design/boreal-ui/src/index.core.ts'
    Matched by include pattern 'src/components' in 'tsconfig.build.json'
src/index.core.ts(41,41): error TS1261: Already included file name 'C:/Users/davin/Documents/Web Design/boreal-ui/src/components/MessagePopUp/core/MessagePopUp.tsx' differs from file name 'C:/Users/davin/Documents/Web Design/boreal-ui/src/components/MessagePopUp/core/MessagePopup.tsx' only in casing.
  The file is in the program because:
    Imported via "./components/MessagePopUp/core/MessagePopUp" from file 'C:/Users/davin/Documents/Web Design/boreal-ui/src/index.core.ts'
    Matched by include pattern 'src/components' in 'tsconfig.build.json'